c:\users\曾志韬\desktop\netarp\netdataget\debug\netarp.pch
c:\users\曾志韬\desktop\netarp\netdataget\debug\vc142.pdb
c:\users\曾志韬\desktop\netarp\netdataget\debug\vc142.idb
c:\users\曾志韬\desktop\netarp\netdataget\debug\pch.obj
c:\users\曾志韬\desktop\netarp\netdataget\debug\netdatagetdlg.obj
c:\users\曾志韬\desktop\netarp\netdataget\debug\netdataget.obj
c:\users\曾志韬\desktop\netarp\debug\netarp.exe
c:\users\曾志韬\desktop\netarp\debug\netarp.ilk
c:\users\曾志韬\desktop\netarp\debug\netarp.pdb
c:\users\曾志韬\desktop\netarp\netdataget\debug\netdataget.res
c:\users\曾志韬\desktop\netarp\netdataget\debug\netdataget.pch
c:\users\曾志韬\desktop\netarp\netdataget\debug\netarp.tlog\cl.command.1.tlog
c:\users\曾志韬\desktop\netarp\netdataget\debug\netarp.tlog\cl.read.1.tlog
c:\users\曾志韬\desktop\netarp\netdataget\debug\netarp.tlog\cl.write.1.tlog
c:\users\曾志韬\desktop\netarp\netdataget\debug\netarp.tlog\link.command.1.tlog
c:\users\曾志韬\desktop\netarp\netdataget\debug\netarp.tlog\link.read.1.tlog
c:\users\曾志韬\desktop\netarp\netdataget\debug\netarp.tlog\link.write.1.tlog
c:\users\曾志韬\desktop\netarp\netdataget\debug\netarp.tlog\rc.command.1.tlog
c:\users\曾志韬\desktop\netarp\netdataget\debug\netarp.tlog\rc.read.1.tlog
c:\users\曾志韬\desktop\netarp\netdataget\debug\netarp.tlog\rc.write.1.tlog
